<?xml version="1.0" encoding="UTF-8"?>
<!-- Generated by org.testng.reporters.JUnitReportReporter -->
<testsuite hostname="LNGRDUL-7014553" failures="0" tests="1" name="com.qa.test.testcases.GooglePageTest" time="17.569" errors="0" timestamp="2021-04-06T17:05:33 EDT" skipped="0">
  <testcase classname="com.qa.test.testcases.GooglePageTest" name="SearchTest" time="17.569"/>
  <system-out/>
</testsuite> <!-- com.qa.test.testcases.GooglePageTest -->
